TN:
SF:/Users/brendan/Documents/gfm2d/src/main.cpp
FN:5,main
FNDA:1,main
FNF:1
FNH:1
DA:6,1
DA:8,1
DA:10,1
LF:3
LH:3
end_of_record
TN:
SF:/Users/brendan/Documents/gfm2d/src/settings.hpp
FN:13,_Z14print_settingsv
FNDA:1,_Z14print_settingsv
FNF:1
FNH:1
DA:14,2
DA:15,1
DA:16,1
DA:18,3
DA:19,1
LF:5
LH:5
end_of_record
TN:
SF:/Users/brendan/Documents/gfm2d/test/test_null.cpp
FN:4,__cxx_global_var_init.334
FN:4,_ZL29____C_A_T_C_H____T_E_S_T____0v
FNDA:1,_ZL29____C_A_T_C_H____T_E_S_T____0v
FNDA:1,__cxx_global_var_init.334
FNF:2
FNH:2
DA:4,2
DA:5,9
DA:6,8
DA:7,1
LF:4
LH:4
end_of_record
